{
  "stats": {
    "suites": 1,
    "tests": 4,
    "passes": 4,
    "pending": 0,
    "failures": 0,
    "start": "2025-07-15T09:18:35.518Z",
    "end": "2025-07-15T09:18:48.273Z",
    "duration": 12755,
    "testsRegistered": 4,
    "passPercent": 100,
    "pendingPercent": 0,
    "other": 0,
    "hasOther": false,
    "skipped": 0,
    "hasSkipped": false
  },
  "results": [
    {
      "uuid": "3d667b89-7b02-4198-8549-8c5d44a39601",
      "title": "",
      "fullFile": "cypress\\e2e\\login.spec.js",
      "file": "cypress\\e2e\\login.spec.js",
      "beforeHooks": [],
      "afterHooks": [],
      "tests": [],
      "suites": [
        {
          "uuid": "90f9d871-b4f1-478b-a1de-30fc294a10f3",
          "title": "Login Tests",
          "fullFile": "",
          "file": "",
          "beforeHooks": [],
          "afterHooks": [],
          "tests": [
            {
              "title": "should login successfully with valid credentials",
              "fullTitle": "Login Tests should login successfully with valid credentials",
              "timedOut": null,
              "duration": 6729,
              "state": "passed",
              "speed": "medium",
              "pass": true,
              "fail": false,
              "pending": false,
              "context": null,
              "code": "loginPage.fillUsername('tomsmith');\nloginPage.fillPassword('SuperSecretPassword!');\nloginPage.submit();\nloginPage.getSuccessMessage().should('contain', 'You logged into a secure area!');",
              "err": {},
              "uuid": "1c322a4b-cdab-4be4-af07-628133e72e85",
              "parentUUID": "90f9d871-b4f1-478b-a1de-30fc294a10f3",
              "isHook": false,
              "skipped": false
            },
            {
              "title": "should fail login with invalid username",
              "fullTitle": "Login Tests should fail login with invalid username",
              "timedOut": null,
              "duration": 2083,
              "state": "passed",
              "speed": "fast",
              "pass": true,
              "fail": false,
              "pending": false,
              "context": null,
              "code": "loginPage.fillUsername('invalidUser');\nloginPage.fillPassword('SuperSecretPassword!');\nloginPage.submit();\nloginPage.getErrorMessage().should('contain', 'Your username is invalid!');",
              "err": {},
              "uuid": "0a9b0cf8-4d2f-4e74-9a71-32fad4b572ed",
              "parentUUID": "90f9d871-b4f1-478b-a1de-30fc294a10f3",
              "isHook": false,
              "skipped": false
            },
            {
              "title": "should fail login with invalid password",
              "fullTitle": "Login Tests should fail login with invalid password",
              "timedOut": null,
              "duration": 1945,
              "state": "passed",
              "speed": "fast",
              "pass": true,
              "fail": false,
              "pending": false,
              "context": null,
              "code": "loginPage.fillUsername('tomsmith');\nloginPage.fillPassword('WrongPassword');\nloginPage.submit();\nloginPage.getErrorMessage().should('contain', 'Your password is invalid!');",
              "err": {},
              "uuid": "2d422eb6-bf70-481e-9bcb-3ddec184067b",
              "parentUUID": "90f9d871-b4f1-478b-a1de-30fc294a10f3",
              "isHook": false,
              "skipped": false
            },
            {
              "title": "should display error message when both fields are wrong",
              "fullTitle": "Login Tests should display error message when both fields are wrong",
              "timedOut": null,
              "duration": 1886,
              "state": "passed",
              "speed": "fast",
              "pass": true,
              "fail": false,
              "pending": false,
              "context": null,
              "code": "loginPage.fillUsername('baduser');\nloginPage.fillPassword('badpassword');\nloginPage.submit();\nloginPage.getErrorMessage().should('contain', 'Your username is invalid!');",
              "err": {},
              "uuid": "ba12ecb6-bd0d-4240-b474-d4879abd833f",
              "parentUUID": "90f9d871-b4f1-478b-a1de-30fc294a10f3",
              "isHook": false,
              "skipped": false
            }
          ],
          "suites": [],
          "passes": [
            "1c322a4b-cdab-4be4-af07-628133e72e85",
            "0a9b0cf8-4d2f-4e74-9a71-32fad4b572ed",
            "2d422eb6-bf70-481e-9bcb-3ddec184067b",
            "ba12ecb6-bd0d-4240-b474-d4879abd833f"
          ],
          "failures": [],
          "pending": [],
          "skipped": [],
          "duration": 12643,
          "root": false,
          "rootEmpty": false,
          "_timeout": 2000
        }
      ],
      "passes": [],
      "failures": [],
      "pending": [],
      "skipped": [],
      "duration": 0,
      "root": true,
      "rootEmpty": true,
      "_timeout": 2000
    }
  ],
  "meta": {
    "mocha": {
      "version": "7.0.1"
    },
    "mochawesome": {
      "options": {
        "quiet": false,
        "reportFilename": "mochawesome",
        "saveHtml": true,
        "saveJson": true,
        "consoleReporter": "spec",
        "useInlineDiffs": false,
        "code": true
      },
      "version": "7.1.3"
    },
    "marge": {
      "options": {
        "reportDir": "cypress/reports",
        "overwrite": false,
        "html": true,
        "json": true
      },
      "version": "6.2.0"
    }
  }
}